00:25:22 **** Incremental Build of configuration Debug for project MiniProject3 ****
make all 
Building file: ../main.c
Invoking: AVR Compiler
avr-gcc -Wall -g2 -gstabs -O0 -fpack-struct -fshort-enums -ffunction-sections -fdata-sections -std=gnu99 -funsigned-char -funsigned-bitfields -mmcu=atmega32 -DF_CPU=1000000UL -MMD -MP -MF"main.d" -MT"main.o" -c -o "main.o" "../main.c"
Finished building: ../main.c
 
Building target: MiniProject3.elf
Invoking: AVR C Linker
avr-gcc -Wl,-Map,MiniProject3.map -mmcu=atmega32 -o "MiniProject3.elf"  ./Dc_Motor.o ./PWM.o ./adc.o ./gpio.o ./lcd.o ./lm35_sensor.o ./main.o   
Finished building target: MiniProject3.elf
 
Invoking: AVR Create Extended Listing
avr-objdump -h -S MiniProject3.elf  >"MiniProject3.lss"
Finished building: MiniProject3.lss
 
Invoking: Print Size
avr-size --format=avr --mcu=atmega32 MiniProject3.elf
AVR Memory Usage
----------------
Device: atmega32

Program:    9684 bytes (29.6% Full)
(.text + .data + .bootloader)

Data:        294 bytes (14.4% Full)
(.data + .bss + .noinit)


Finished building: sizedummy
 
